<?xml version="1.0" encoding="UTF-8"?>
<!-- Generated by org.testng.reporters.JUnitXMLReporter -->
<testsuite ignored="6" hostname="DESKTOP-QSM3Q2F" failures="0" tests="1" name="Default test" time="29.85" errors="0" timestamp="2020-10-15T17:28:07 IST">
  <testcase classname="com.qa.testcases.Homepagetest" name="validatelearnmorelinks" time="0.18"/>
  <testcase classname="com.qa.testcases.Homepagetest" name="bestsllerlinkvalidation" time="0.0">
    <ignored/>
  </testcase> <!-- bestsllerlinkvalidation -->
  <testcase classname="com.qa.testcases.Homepagetest" name="validatetealinks" time="0.0">
    <ignored/>
  </testcase> <!-- validatetealinks -->
  <testcase classname="com.qa.testcases.Homepagetest" name="validatevisituslinks" time="0.0">
    <ignored/>
  </testcase> <!-- validatevisituslinks -->
  <testcase classname="com.qa.testcases.Homepagetest" name="coffeelinktest" time="0.0">
    <ignored/>
  </testcase> <!-- coffeelinktest -->
  <testcase classname="com.qa.testcases.Homepagetest" name="Hoveronsubscriptionsheaderlinkclick" time="0.0">
    <ignored/>
  </testcase> <!-- Hoveronsubscriptionsheaderlinkclick -->
  <testcase classname="com.qa.testcases.Homepagetest" name="validatecoffeelinks" time="0.0">
    <ignored/>
  </testcase> <!-- validatecoffeelinks -->
</testsuite> <!-- Default test -->
